[INFO] 2019-04-28 17:51:21,445 : select version()
[INFO] 2019-04-28 17:51:21,446 : {}
[INFO] 2019-04-28 17:51:21,451 : select current_schema()
[INFO] 2019-04-28 17:51:21,452 : {}
[INFO] 2019-04-28 17:51:21,454 : SELECT CAST('test plain returns' AS VARCHAR(60)) AS anon_1
[INFO] 2019-04-28 17:51:21,455 : {}
[INFO] 2019-04-28 17:51:21,457 : SELECT CAST('test unicode returns' AS VARCHAR(60)) AS anon_1
[INFO] 2019-04-28 17:51:21,457 : {}
[INFO] 2019-04-28 17:51:21,458 : show standard_conforming_strings
[INFO] 2019-04-28 17:51:21,458 : {}
[INFO] 2019-04-28 17:51:21,592 : select relname from pg_class c join pg_namespace n on n.oid=c.relnamespace where pg_catalog.pg_table_is_visible(c.oid) and relname=%(name)s
[INFO] 2019-04-28 17:51:21,592 : {'name': 'guided_tour'}
[INFO] 2019-04-28 17:51:21,596 : select relname from pg_class c join pg_namespace n on n.oid=c.relnamespace where pg_catalog.pg_table_is_visible(c.oid) and relname=%(name)s
[INFO] 2019-04-28 17:51:21,597 : {'name': 'metadata'}
[INFO] 2019-04-28 17:51:21,600 : select relname from pg_class c join pg_namespace n on n.oid=c.relnamespace where pg_catalog.pg_table_is_visible(c.oid) and relname=%(name)s
[INFO] 2019-04-28 17:51:21,600 : {'name': 'visualisation'}
[INFO] 2019-04-28 17:51:21,604 : select relname from pg_class c join pg_namespace n on n.oid=c.relnamespace where pg_catalog.pg_table_is_visible(c.oid) and relname=%(name)s
[INFO] 2019-04-28 17:51:21,604 : {'name': 'extended_document'}
[INFO] 2019-04-28 17:51:21,607 : select relname from pg_class c join pg_namespace n on n.oid=c.relnamespace where pg_catalog.pg_table_is_visible(c.oid) and relname=%(name)s
[INFO] 2019-04-28 17:51:21,608 : {'name': 'extended_doc_guided_tour'}
